<?xml version="1.0" encoding="UTF-8"?>
<!-- Generated by org.testng.reporters.JUnitXMLReporter -->
<testsuite ignored="0" hostname="MBA0224.local" failures="0" tests="3" name="Test" time="0.214" errors="0" timestamp="26 Nov 2021 13:06:08 GMT">
  <testcase classname="com.nopcommerce.user.Page_Object" name="@BeforeClass beforeClass" time="0.14">
    <failure type="java.lang.IllegalStateException" message="The path to the driver executable must be set by the webdriver.chrome.driver system property; for more information, see https://github.com/SeleniumHQ/selenium/wiki/ChromeDriver. The latest version can be downloaded from http://chromedriver.storage.googleapis.com/index.html">
      <![CDATA[java.lang.IllegalStateException: The path to the driver executable must be set by the webdriver.chrome.driver system property; for more information, see https://github.com/SeleniumHQ/selenium/wiki/ChromeDriver. The latest version can be downloaded from http://chromedriver.storage.googleapis.com/index.html
at com.google.common.base.Preconditions.checkState(Preconditions.java:847)
at org.openqa.selenium.remote.service.DriverService.findExecutable(DriverService.java:134)
at org.openqa.selenium.chrome.ChromeDriverService.access$000(ChromeDriverService.java:35)
at org.openqa.selenium.chrome.ChromeDriverService$Builder.findDefaultExecutable(ChromeDriverService.java:159)
at org.openqa.selenium.remote.service.DriverService$Builder.build(DriverService.java:355)
at org.openqa.selenium.chrome.ChromeDriverService.createDefaultService(ChromeDriverService.java:94)
at org.openqa.selenium.chrome.ChromeDriver.<init>(ChromeDriver.java:123)
at com.nopcommerce.user.Page_Object.beforeClass(Page_Object.java:27)
... Removed 26 stack frames]]>
    </failure>
  </testcase> <!-- @BeforeClass beforeClass -->
  <testcase classname="com.nopcommerce.user.Page_Object" name="@AfterClass afterClass" time="0.0">
    <skipped/>
  </testcase> <!-- @AfterClass afterClass -->
  <testcase classname="com.nopcommerce.user.Page_Object" name="TC01_Register_Empty_Data" time="0.0">
    <skipped/>
  </testcase> <!-- TC01_Register_Empty_Data -->
  <testcase classname="com.nopcommerce.user.Page_Object" name="TC02_Register_Invalid_Email" time="0.0">
    <skipped/>
  </testcase> <!-- TC02_Register_Invalid_Email -->
  <testcase classname="com.nopcommerce.user.Page_Object" name="TC03_Register_Success" time="0.0">
    <skipped/>
  </testcase> <!-- TC03_Register_Success -->
</testsuite> <!-- Test -->
